2026-05-05 03:58:22,214 [INFO] ============================================================
2026-05-05 03:58:22,214 [INFO] WBRERA Certificate Bulk Downloader
2026-05-05 03:58:22,215 [INFO] ============================================================
2026-05-05 03:58:24,372 [INFO] Starting procode collection from listing pages...
2026-05-05 03:58:33,135 [INFO]   Page 1: found 10 projects (total: 10)
2026-05-05 03:58:35,344 [INFO]   Page 2: found 10 projects (total: 20)
2026-05-05 03:58:37,496 [INFO]   Page 3: found 10 projects (total: 30)
2026-05-05 03:58:39,638 [INFO]   Page 4: found 10 projects (total: 40)
2026-05-05 03:58:41,781 [INFO]   Page 5: found 10 projects (total: 50)
2026-05-05 03:58:44,111 [INFO]   Page 6: found 10 projects (total: 60)
2026-05-05 03:58:46,442 [INFO]   Page 7: found 10 projects (total: 70)
2026-05-05 03:58:48,763 [INFO]   Page 8: found 10 projects (total: 80)
2026-05-05 03:58:51,098 [INFO]   Page 9: found 10 projects (total: 90)
2026-05-05 03:58:53,396 [INFO]   Page 10: found 10 projects (total: 100)
2026-05-05 03:58:55,703 [INFO]   Page 11: found 10 projects (total: 110)
2026-05-05 03:58:57,881 [INFO]   Page 12: found 10 projects (total: 120)
2026-05-05 03:59:00,062 [INFO]   Page 13: found 10 projects (total: 130)
2026-05-05 03:59:02,270 [INFO]   Page 14: found 10 projects (total: 140)
2026-05-05 03:59:04,434 [INFO]   Page 15: found 10 projects (total: 150)
2026-05-05 03:59:06,591 [INFO]   Page 16: found 10 projects (total: 160)
2026-05-05 03:59:08,835 [INFO]   Page 17: found 10 projects (total: 170)
2026-05-05 03:59:11,150 [INFO]   Page 18: found 10 projects (total: 180)
2026-05-05 03:59:13,476 [INFO]   Page 19: found 10 projects (total: 190)
2026-05-05 03:59:15,673 [INFO]   Page 20: found 10 projects (total: 200)
2026-05-05 03:59:17,875 [INFO]   Page 21: found 10 projects (total: 210)
2026-05-05 03:59:20,019 [INFO]   Page 22: found 10 projects (total: 220)
2026-05-05 03:59:22,278 [INFO]   Page 23: found 10 projects (total: 230)
2026-05-05 03:59:24,662 [INFO]   Page 24: found 10 projects (total: 240)
2026-05-05 03:59:26,977 [INFO]   Page 25: found 10 projects (total: 250)
2026-05-05 03:59:29,280 [INFO]   Page 26: found 10 projects (total: 260)
2026-05-05 03:59:31,576 [INFO]   Page 27: found 10 projects (total: 270)
2026-05-05 03:59:33,886 [INFO]   Page 28: found 10 projects (total: 280)
2026-05-05 03:59:36,203 [INFO]   Page 29: found 10 projects (total: 290)
2026-05-05 03:59:38,499 [INFO]   Page 30: found 10 projects (total: 300)
2026-05-05 03:59:40,780 [INFO]   Page 31: found 10 projects (total: 310)
2026-05-05 03:59:43,054 [INFO]   Page 32: found 10 projects (total: 320)
2026-05-05 03:59:45,345 [INFO]   Page 33: found 10 projects (total: 330)
2026-05-05 03:59:47,714 [INFO]   Page 34: found 10 projects (total: 340)
2026-05-05 03:59:50,047 [INFO]   Page 35: found 10 projects (total: 350)
2026-05-05 03:59:52,383 [INFO]   Page 36: found 10 projects (total: 360)
2026-05-05 03:59:54,711 [INFO]   Page 37: found 10 projects (total: 370)
2026-05-05 03:59:56,997 [INFO]   Page 38: found 10 projects (total: 380)
2026-05-05 03:59:59,342 [INFO]   Page 39: found 10 projects (total: 390)
2026-05-05 04:00:01,643 [INFO]   Page 40: found 10 projects (total: 400)
2026-05-05 04:00:03,942 [INFO]   Page 41: found 10 projects (total: 410)
2026-05-05 04:00:06,238 [INFO]   Page 42: found 10 projects (total: 420)
2026-05-05 04:00:08,490 [INFO]   Page 43: found 10 projects (total: 430)
2026-05-05 04:00:10,795 [INFO]   Page 44: found 10 projects (total: 440)
2026-05-05 04:00:13,084 [INFO]   Page 45: found 10 projects (total: 450)
2026-05-05 04:00:15,393 [INFO]   Page 46: found 10 projects (total: 460)
2026-05-05 04:00:17,740 [INFO]   Page 47: found 10 projects (total: 470)
2026-05-05 04:00:20,123 [INFO]   Page 48: found 10 projects (total: 480)
2026-05-05 04:00:22,460 [INFO]   Page 49: found 10 projects (total: 490)
2026-05-05 04:00:24,736 [INFO]   Page 50: found 10 projects (total: 500)
2026-05-05 04:00:27,025 [INFO]   Page 51: found 10 projects (total: 510)
2026-05-05 04:00:29,336 [INFO]   Page 52: found 10 projects (total: 520)
2026-05-05 04:00:31,643 [INFO]   Page 53: found 10 projects (total: 530)
2026-05-05 04:00:33,960 [INFO]   Page 54: found 10 projects (total: 540)
2026-05-05 04:00:36,255 [INFO]   Page 55: found 10 projects (total: 550)
2026-05-05 04:00:38,551 [INFO]   Page 56: found 10 projects (total: 560)
2026-05-05 04:00:40,861 [INFO]   Page 57: found 10 projects (total: 570)
2026-05-05 04:00:43,158 [INFO]   Page 58: found 10 projects (total: 580)
2026-05-05 04:00:45,428 [INFO]   Page 59: found 10 projects (total: 590)
2026-05-05 04:00:47,712 [INFO]   Page 60: found 10 projects (total: 600)
2026-05-05 04:00:50,035 [INFO]   Page 61: found 10 projects (total: 610)
2026-05-05 04:00:52,348 [INFO]   Page 62: found 10 projects (total: 620)
2026-05-05 04:00:54,700 [INFO]   Page 63: found 10 projects (total: 630)
2026-05-05 04:00:57,024 [INFO]   Page 64: found 10 projects (total: 640)
2026-05-05 04:00:59,331 [INFO]   Page 65: found 10 projects (total: 650)
2026-05-05 04:01:01,615 [INFO]   Page 66: found 10 projects (total: 660)
2026-05-05 04:01:03,960 [INFO]   Page 67: found 10 projects (total: 670)
2026-05-05 04:01:06,119 [INFO]   Page 68: found 10 projects (total: 680)
2026-05-05 04:01:08,322 [INFO]   Page 69: found 10 projects (total: 690)
2026-05-05 04:01:10,540 [INFO]   Page 70: found 10 projects (total: 700)
2026-05-05 04:01:12,702 [INFO]   Page 71: found 10 projects (total: 710)
2026-05-05 04:01:14,880 [INFO]   Page 72: found 10 projects (total: 720)
2026-05-05 04:01:17,023 [INFO]   Page 73: found 10 projects (total: 730)
2026-05-05 04:01:19,182 [INFO]   Page 74: found 10 projects (total: 740)
2026-05-05 04:01:21,320 [INFO]   Page 75: found 10 projects (total: 750)
2026-05-05 04:01:23,499 [INFO]   Page 76: found 10 projects (total: 760)
2026-05-05 04:01:25,690 [INFO]   Page 77: found 10 projects (total: 770)
2026-05-05 04:01:27,858 [INFO]   Page 78: found 10 projects (total: 780)
2026-05-05 04:01:30,021 [INFO]   Page 79: found 10 projects (total: 790)
2026-05-05 04:01:32,206 [INFO]   Page 80: found 10 projects (total: 800)
2026-05-05 04:01:34,362 [INFO]   Page 81: found 10 projects (total: 810)
2026-05-05 04:01:36,519 [INFO]   Page 82: found 10 projects (total: 820)
2026-05-05 04:01:38,688 [INFO]   Page 83: found 10 projects (total: 830)
2026-05-05 04:01:40,878 [INFO]   Page 84: found 10 projects (total: 840)
2026-05-05 04:01:43,023 [INFO]   Page 85: found 10 projects (total: 850)
2026-05-05 04:01:45,169 [INFO]   Page 86: found 10 projects (total: 860)
2026-05-05 04:01:47,333 [INFO]   Page 87: found 10 projects (total: 870)
2026-05-05 04:01:49,505 [INFO]   Page 88: found 10 projects (total: 880)
2026-05-05 04:01:51,695 [INFO]   Page 89: found 10 projects (total: 890)
2026-05-05 04:01:53,876 [INFO]   Page 90: found 10 projects (total: 900)
2026-05-05 04:01:56,177 [INFO]   Page 91: found 10 projects (total: 910)
2026-05-05 04:01:58,464 [INFO]   Page 92: found 10 projects (total: 920)
2026-05-05 04:02:00,766 [INFO]   Page 93: found 10 projects (total: 930)
2026-05-05 04:02:03,050 [INFO]   Page 94: found 10 projects (total: 940)
2026-05-05 04:02:05,314 [INFO]   Page 95: found 10 projects (total: 950)
2026-05-05 04:02:07,639 [INFO]   Page 96: found 10 projects (total: 960)
2026-05-05 04:02:09,922 [INFO]   Page 97: found 10 projects (total: 970)
2026-05-05 04:02:12,189 [INFO]   Page 98: found 10 projects (total: 980)
2026-05-05 04:02:14,465 [INFO]   Page 99: found 10 projects (total: 990)
2026-05-05 04:02:16,764 [INFO]   Page 100: found 10 projects (total: 1000)
2026-05-05 04:02:19,075 [INFO]   Page 101: found 10 projects (total: 1010)
2026-05-05 04:02:21,370 [INFO]   Page 102: found 10 projects (total: 1020)
2026-05-05 04:02:23,630 [INFO]   Page 103: found 10 projects (total: 1030)
2026-05-05 04:02:25,902 [INFO]   Page 104: found 10 projects (total: 1040)
2026-05-05 04:02:28,204 [INFO]   Page 105: found 10 projects (total: 1050)
2026-05-05 04:02:30,506 [INFO]   Page 106: found 10 projects (total: 1060)
2026-05-05 04:02:32,794 [INFO]   Page 107: found 10 projects (total: 1070)
2026-05-05 04:02:35,058 [INFO]   Page 108: found 10 projects (total: 1080)
2026-05-05 04:02:37,343 [INFO]   Page 109: found 10 projects (total: 1090)
2026-05-05 04:02:39,648 [INFO]   Page 110: found 10 projects (total: 1100)
2026-05-05 04:02:41,888 [INFO]   Page 111: found 10 projects (total: 1110)
2026-05-05 04:02:44,154 [INFO]   Page 112: found 10 projects (total: 1120)
2026-05-05 04:02:46,437 [INFO]   Page 113: found 10 projects (total: 1130)
2026-05-05 04:02:48,729 [INFO]   Page 114: found 10 projects (total: 1140)
2026-05-05 04:02:51,008 [INFO]   Page 115: found 10 projects (total: 1150)
2026-05-05 04:02:53,278 [INFO]   Page 116: found 10 projects (total: 1160)
2026-05-05 04:02:55,523 [INFO]   Page 117: found 10 projects (total: 1170)
2026-05-05 04:02:57,793 [INFO]   Page 118: found 10 projects (total: 1180)
2026-05-05 04:03:00,016 [INFO]   Page 119: found 10 projects (total: 1190)
2026-05-05 04:03:02,282 [INFO]   Page 120: found 10 projects (total: 1200)
2026-05-05 04:03:04,548 [INFO]   Page 121: found 10 projects (total: 1210)
2026-05-05 04:03:06,797 [INFO]   Page 122: found 10 projects (total: 1220)
2026-05-05 04:03:09,069 [INFO]   Page 123: found 10 projects (total: 1230)
2026-05-05 04:03:11,383 [INFO]   Page 124: found 10 projects (total: 1240)
2026-05-05 04:03:13,682 [INFO]   Page 125: found 10 projects (total: 1250)
2026-05-05 04:03:15,981 [INFO]   Page 126: found 10 projects (total: 1260)
2026-05-05 04:03:18,293 [INFO]   Page 127: found 10 projects (total: 1270)
2026-05-05 04:03:20,582 [INFO]   Page 128: found 10 projects (total: 1280)
2026-05-05 04:03:22,899 [INFO]   Page 129: found 10 projects (total: 1290)
2026-05-05 04:03:25,196 [INFO]   Page 130: found 10 projects (total: 1300)
2026-05-05 04:03:27,483 [INFO]   Page 131: found 10 projects (total: 1310)
2026-05-05 04:03:29,784 [INFO]   Page 132: found 10 projects (total: 1320)
2026-05-05 04:03:32,075 [INFO]   Page 133: found 10 projects (total: 1330)
2026-05-05 04:03:34,353 [INFO]   Page 134: found 10 projects (total: 1340)
2026-05-05 04:03:36,629 [INFO]   Page 135: found 10 projects (total: 1350)
2026-05-05 04:03:38,904 [INFO]   Page 136: found 10 projects (total: 1360)
2026-05-05 04:03:41,199 [INFO]   Page 137: found 10 projects (total: 1370)
2026-05-05 04:03:43,478 [INFO]   Page 138: found 10 projects (total: 1380)
2026-05-05 04:03:45,779 [INFO]   Page 139: found 10 projects (total: 1390)
2026-05-05 04:03:48,044 [INFO]   Page 140: found 10 projects (total: 1400)
2026-05-05 04:03:50,386 [INFO]   Page 141: found 10 projects (total: 1410)
2026-05-05 04:03:52,692 [INFO]   Page 142: found 10 projects (total: 1420)
2026-05-05 04:03:54,983 [INFO]   Page 143: found 10 projects (total: 1430)
2026-05-05 04:03:57,272 [INFO]   Page 144: found 10 projects (total: 1440)
2026-05-05 04:03:59,583 [INFO]   Page 145: found 10 projects (total: 1450)
2026-05-05 04:04:01,872 [INFO]   Page 146: found 10 projects (total: 1460)
2026-05-05 04:04:04,167 [INFO]   Page 147: found 10 projects (total: 1470)
2026-05-05 04:04:06,470 [INFO]   Page 148: found 10 projects (total: 1480)
2026-05-05 04:04:08,763 [INFO]   Page 149: found 10 projects (total: 1490)
2026-05-05 04:04:11,023 [INFO]   Page 150: found 10 projects (total: 1500)
2026-05-05 04:04:13,298 [INFO]   Page 151: found 10 projects (total: 1510)
2026-05-05 04:04:15,563 [INFO]   Page 152: found 10 projects (total: 1520)
2026-05-05 04:04:17,888 [INFO]   Page 153: found 10 projects (total: 1530)
2026-05-05 04:04:20,191 [INFO]   Page 154: found 10 projects (total: 1540)
2026-05-05 04:04:22,478 [INFO]   Page 155: found 10 projects (total: 1550)
2026-05-05 04:04:24,767 [INFO]   Page 156: found 10 projects (total: 1560)
2026-05-05 04:04:27,069 [INFO]   Page 157: found 10 projects (total: 1570)
2026-05-05 04:04:29,449 [INFO]   Page 158: found 10 projects (total: 1580)
2026-05-05 04:04:31,735 [INFO]   Page 159: found 10 projects (total: 1590)
2026-05-05 04:04:34,019 [INFO]   Page 160: found 10 projects (total: 1600)
2026-05-05 04:04:36,299 [INFO]   Page 161: found 10 projects (total: 1610)
2026-05-05 04:04:38,584 [INFO]   Page 162: found 10 projects (total: 1620)
2026-05-05 04:04:40,884 [INFO]   Page 163: found 10 projects (total: 1630)
2026-05-05 04:04:43,176 [INFO]   Page 164: found 10 projects (total: 1640)
2026-05-05 04:04:45,489 [INFO]   Page 165: found 10 projects (total: 1650)
2026-05-05 04:04:47,824 [INFO]   Page 166: found 10 projects (total: 1660)
2026-05-05 04:04:50,130 [INFO]   Page 167: found 10 projects (total: 1670)
2026-05-05 04:04:52,398 [INFO]   Page 168: found 10 projects (total: 1680)
2026-05-05 04:04:54,691 [INFO]   Page 169: found 10 projects (total: 1690)
2026-05-05 04:04:56,978 [INFO]   Page 170: found 10 projects (total: 1700)
2026-05-05 04:04:59,307 [INFO]   Page 171: found 10 projects (total: 1710)
2026-05-05 04:05:01,660 [INFO]   Page 172: found 10 projects (total: 1720)
2026-05-05 04:05:03,857 [INFO]   Page 173: found 10 projects (total: 1730)
2026-05-05 04:05:06,020 [INFO]   Page 174: found 10 projects (total: 1740)
2026-05-05 04:05:08,195 [INFO]   Page 175: found 10 projects (total: 1750)
2026-05-05 04:05:10,327 [INFO]   Page 176: found 10 projects (total: 1760)
2026-05-05 04:05:12,473 [INFO]   Page 177: found 10 projects (total: 1770)
2026-05-05 04:05:14,587 [INFO]   Page 178: found 10 projects (total: 1780)
2026-05-05 04:05:16,788 [INFO]   Page 179: found 10 projects (total: 1790)
2026-05-05 04:05:18,977 [INFO]   Page 180: found 10 projects (total: 1800)
2026-05-05 04:05:21,147 [INFO]   Page 181: found 10 projects (total: 1810)
2026-05-05 04:05:23,273 [INFO]   Page 182: found 10 projects (total: 1820)
2026-05-05 04:05:25,456 [INFO]   Page 183: found 10 projects (total: 1830)
2026-05-05 04:05:27,647 [INFO]   Page 184: found 10 projects (total: 1840)
2026-05-05 04:05:29,852 [INFO]   Page 185: found 10 projects (total: 1850)
2026-05-05 04:05:31,988 [INFO]   Page 186: found 10 projects (total: 1860)
2026-05-05 04:05:34,147 [INFO]   Page 187: found 10 projects (total: 1870)
2026-05-05 04:05:36,306 [INFO]   Page 188: found 10 projects (total: 1880)
2026-05-05 04:05:38,467 [INFO]   Page 189: found 10 projects (total: 1890)
2026-05-05 04:05:40,630 [INFO]   Page 190: found 10 projects (total: 1900)
2026-05-05 04:05:42,841 [INFO]   Page 191: found 10 projects (total: 1910)
2026-05-05 04:05:45,005 [INFO]   Page 192: found 10 projects (total: 1920)
2026-05-05 04:05:47,153 [INFO]   Page 193: found 10 projects (total: 1930)
2026-05-05 04:05:49,292 [INFO]   Page 194: found 10 projects (total: 1940)
2026-05-05 04:05:51,482 [INFO]   Page 195: found 10 projects (total: 1950)
2026-05-05 04:05:53,693 [INFO]   Page 196: found 10 projects (total: 1960)
2026-05-05 04:05:55,868 [INFO]   Page 197: found 10 projects (total: 1970)
2026-05-05 04:05:58,036 [INFO]   Page 198: found 10 projects (total: 1980)
2026-05-05 04:06:00,194 [INFO]   Page 199: found 10 projects (total: 1990)
2026-05-05 04:06:02,325 [INFO]   Page 200: found 10 projects (total: 2000)
2026-05-05 04:06:04,495 [INFO]   Page 201: found 10 projects (total: 2010)
2026-05-05 04:06:06,655 [INFO]   Page 202: found 10 projects (total: 2020)
2026-05-05 04:06:08,847 [INFO]   Page 203: found 10 projects (total: 2030)
2026-05-05 04:06:10,997 [INFO]   Page 204: found 10 projects (total: 2040)
2026-05-05 04:06:13,181 [INFO]   Page 205: found 10 projects (total: 2050)
2026-05-05 04:06:15,331 [INFO]   Page 206: found 10 projects (total: 2060)
2026-05-05 04:06:17,513 [INFO]   Page 207: found 10 projects (total: 2070)
2026-05-05 04:06:19,665 [INFO]   Page 208: found 10 projects (total: 2080)
2026-05-05 04:06:21,835 [INFO]   Page 209: found 10 projects (total: 2090)
2026-05-05 04:06:23,995 [INFO]   Page 210: found 10 projects (total: 2100)
2026-05-05 04:06:26,166 [INFO]   Page 211: found 10 projects (total: 2110)
2026-05-05 04:06:28,329 [INFO]   Page 212: found 10 projects (total: 2120)
2026-05-05 04:06:30,534 [INFO]   Page 213: found 10 projects (total: 2130)
2026-05-05 04:06:32,730 [INFO]   Page 214: found 10 projects (total: 2140)
2026-05-05 04:06:34,916 [INFO]   Page 215: found 10 projects (total: 2150)
2026-05-05 04:06:37,071 [INFO]   Page 216: found 10 projects (total: 2160)
2026-05-05 04:06:39,242 [INFO]   Page 217: found 10 projects (total: 2170)
2026-05-05 04:06:41,378 [INFO]   Page 218: found 10 projects (total: 2180)
2026-05-05 04:06:43,538 [INFO]   Page 219: found 10 projects (total: 2190)
2026-05-05 04:06:45,723 [INFO]   Page 220: found 10 projects (total: 2200)
2026-05-05 04:06:47,923 [INFO]   Page 221: found 10 projects (total: 2210)
2026-05-05 04:06:50,105 [INFO]   Page 222: found 10 projects (total: 2220)
2026-05-05 04:06:52,286 [INFO]   Page 223: found 10 projects (total: 2230)
2026-05-05 04:06:54,446 [INFO]   Page 224: found 10 projects (total: 2240)
2026-05-05 04:06:56,634 [INFO]   Page 225: found 10 projects (total: 2250)
2026-05-05 04:06:58,858 [INFO]   Page 226: found 10 projects (total: 2260)
2026-05-05 04:07:01,081 [INFO]   Page 227: found 10 projects (total: 2270)
2026-05-05 04:07:03,287 [INFO]   Page 228: found 10 projects (total: 2280)
2026-05-05 04:07:05,444 [INFO]   Page 229: found 10 projects (total: 2290)
2026-05-05 04:07:07,603 [INFO]   Page 230: found 10 projects (total: 2300)
2026-05-05 04:07:09,820 [INFO]   Page 231: found 10 projects (total: 2310)
2026-05-05 04:07:12,021 [INFO]   Page 232: found 10 projects (total: 2320)
2026-05-05 04:07:14,206 [INFO]   Page 233: found 10 projects (total: 2330)
2026-05-05 04:07:16,386 [INFO]   Page 234: found 10 projects (total: 2340)
2026-05-05 04:07:18,572 [INFO]   Page 235: found 10 projects (total: 2350)
2026-05-05 04:07:20,749 [INFO]   Page 236: found 10 projects (total: 2360)
2026-05-05 04:07:22,898 [INFO]   Page 237: found 10 projects (total: 2370)
2026-05-05 04:07:25,056 [INFO]   Page 238: found 10 projects (total: 2380)
2026-05-05 04:07:27,244 [INFO]   Page 239: found 10 projects (total: 2390)
2026-05-05 04:07:29,409 [INFO]   Page 240: found 10 projects (total: 2400)
2026-05-05 04:07:31,604 [INFO]   Page 241: found 10 projects (total: 2410)
2026-05-05 04:07:33,769 [INFO]   Page 242: found 10 projects (total: 2420)
2026-05-05 04:07:35,919 [INFO]   Page 243: found 10 projects (total: 2430)
2026-05-05 04:07:38,107 [INFO]   Page 244: found 10 projects (total: 2440)
2026-05-05 04:07:40,250 [INFO]   Page 245: found 10 projects (total: 2450)
2026-05-05 04:07:42,413 [INFO]   Page 246: found 10 projects (total: 2460)
2026-05-05 04:07:44,656 [INFO]   Page 247: found 10 projects (total: 2470)
2026-05-05 04:07:46,851 [INFO]   Page 248: found 10 projects (total: 2480)
2026-05-05 04:07:49,027 [INFO]   Page 249: found 10 projects (total: 2490)
2026-05-05 04:07:51,230 [INFO]   Page 250: found 10 projects (total: 2500)
2026-05-05 04:07:53,409 [INFO]   Page 251: found 10 projects (total: 2510)
2026-05-05 04:07:55,585 [INFO]   Page 252: found 10 projects (total: 2520)
2026-05-05 04:07:57,808 [INFO]   Page 253: found 10 projects (total: 2530)
2026-05-05 04:08:00,058 [INFO]   Page 254: found 10 projects (total: 2540)
2026-05-05 04:08:02,302 [INFO]   Page 255: found 10 projects (total: 2550)
2026-05-05 04:08:04,482 [INFO]   Page 256: found 10 projects (total: 2560)
2026-05-05 04:08:06,663 [INFO]   Page 257: found 10 projects (total: 2570)
2026-05-05 04:08:08,852 [INFO]   Page 258: found 10 projects (total: 2580)
2026-05-05 04:08:11,015 [INFO]   Page 259: found 10 projects (total: 2590)
2026-05-05 04:08:13,222 [INFO]   Page 260: found 10 projects (total: 2600)
2026-05-05 04:08:15,406 [INFO]   Page 261: found 10 projects (total: 2610)
2026-05-05 04:08:17,589 [INFO]   Page 262: found 10 projects (total: 2620)
2026-05-05 04:08:19,794 [INFO]   Page 263: found 10 projects (total: 2630)
2026-05-05 04:08:21,963 [INFO]   Page 264: found 10 projects (total: 2640)
2026-05-05 04:08:24,139 [INFO]   Page 265: found 10 projects (total: 2650)
2026-05-05 04:08:26,328 [INFO]   Page 266: found 10 projects (total: 2660)
2026-05-05 04:08:28,516 [INFO]   Page 267: found 10 projects (total: 2670)
2026-05-05 04:08:30,715 [INFO]   Page 268: found 10 projects (total: 2680)
2026-05-05 04:08:32,907 [INFO]   Page 269: found 10 projects (total: 2690)
2026-05-05 04:08:35,093 [INFO]   Page 270: found 10 projects (total: 2700)
2026-05-05 04:08:37,267 [INFO]   Page 271: found 10 projects (total: 2710)
2026-05-05 04:08:39,486 [INFO]   Page 272: found 10 projects (total: 2720)
2026-05-05 04:08:41,661 [INFO]   Page 273: found 10 projects (total: 2730)
2026-05-05 04:08:43,841 [INFO]   Page 274: found 10 projects (total: 2740)
2026-05-05 04:08:46,010 [INFO]   Page 275: found 10 projects (total: 2750)
2026-05-05 04:08:48,214 [INFO]   Page 276: found 10 projects (total: 2760)
2026-05-05 04:08:50,400 [INFO]   Page 277: found 10 projects (total: 2770)
2026-05-05 04:08:52,608 [INFO]   Page 278: found 10 projects (total: 2780)
2026-05-05 04:08:54,795 [INFO]   Page 279: found 10 projects (total: 2790)
2026-05-05 04:08:57,007 [INFO]   Page 280: found 10 projects (total: 2800)
2026-05-05 04:08:59,197 [INFO]   Page 281: found 10 projects (total: 2810)
2026-05-05 04:09:01,367 [INFO]   Page 282: found 10 projects (total: 2820)
2026-05-05 04:09:03,603 [INFO]   Page 283: found 10 projects (total: 2830)
2026-05-05 04:09:05,823 [INFO]   Page 284: found 10 projects (total: 2840)
2026-05-05 04:09:08,035 [INFO]   Page 285: found 10 projects (total: 2850)
2026-05-05 04:09:10,280 [INFO]   Page 286: found 10 projects (total: 2860)
2026-05-05 04:09:12,485 [INFO]   Page 287: found 10 projects (total: 2870)
2026-05-05 04:09:14,713 [INFO]   Page 288: found 10 projects (total: 2880)
2026-05-05 04:09:16,972 [INFO]   Page 289: found 10 projects (total: 2890)
2026-05-05 04:09:19,181 [INFO]   Page 290: found 10 projects (total: 2900)
2026-05-05 04:09:21,415 [INFO]   Page 291: found 10 projects (total: 2910)
2026-05-05 04:09:23,648 [INFO]   Page 292: found 10 projects (total: 2920)
2026-05-05 04:09:25,896 [INFO]   Page 293: found 10 projects (total: 2930)
2026-05-05 04:09:28,119 [INFO]   Page 294: found 10 projects (total: 2940)
2026-05-05 04:09:30,381 [INFO]   Page 295: found 10 projects (total: 2950)
2026-05-05 04:09:32,609 [INFO]   Page 296: found 10 projects (total: 2960)
2026-05-05 04:09:34,840 [INFO]   Page 297: found 10 projects (total: 2970)
2026-05-05 04:09:37,102 [INFO]   Page 298: found 10 projects (total: 2980)
2026-05-05 04:09:39,349 [INFO]   Page 299: found 10 projects (total: 2990)
2026-05-05 04:09:41,554 [INFO]   Page 300: found 10 projects (total: 3000)
2026-05-05 04:09:43,754 [INFO]   Page 301: found 10 projects (total: 3010)
2026-05-05 04:09:46,017 [INFO]   Page 302: found 10 projects (total: 3020)
2026-05-05 04:09:48,218 [INFO]   Page 303: found 10 projects (total: 3030)
2026-05-05 04:09:50,419 [INFO]   Page 304: found 10 projects (total: 3040)
2026-05-05 04:09:52,644 [INFO]   Page 305: found 10 projects (total: 3050)
2026-05-05 04:09:54,884 [INFO]   Page 306: found 10 projects (total: 3060)
2026-05-05 04:09:57,101 [INFO]   Page 307: found 10 projects (total: 3070)
2026-05-05 04:09:59,306 [INFO]   Page 308: found 10 projects (total: 3080)
2026-05-05 04:10:01,538 [INFO]   Page 309: found 10 projects (total: 3090)
2026-05-05 04:10:03,724 [INFO]   Page 310: found 10 projects (total: 3100)
2026-05-05 04:10:05,900 [INFO]   Page 311: found 10 projects (total: 3110)
2026-05-05 04:10:08,043 [INFO]   Page 312: found 10 projects (total: 3120)
2026-05-05 04:10:10,189 [INFO]   Page 313: found 10 projects (total: 3130)
2026-05-05 04:10:12,348 [INFO]   Page 314: found 10 projects (total: 3140)
2026-05-05 04:10:14,488 [INFO]   Page 315: found 10 projects (total: 3150)
2026-05-05 04:10:16,631 [INFO]   Page 316: found 10 projects (total: 3160)
2026-05-05 04:10:18,784 [INFO]   Page 317: found 10 projects (total: 3170)
2026-05-05 04:10:20,946 [INFO]   Page 318: found 10 projects (total: 3180)
2026-05-05 04:10:23,081 [INFO]   Page 319: found 10 projects (total: 3190)
2026-05-05 04:10:25,220 [INFO]   Page 320: found 10 projects (total: 3200)
2026-05-05 04:10:27,378 [INFO]   Page 321: found 10 projects (total: 3210)
2026-05-05 04:10:29,546 [INFO]   Page 322: found 10 projects (total: 3220)
2026-05-05 04:10:31,691 [INFO]   Page 323: found 10 projects (total: 3230)
2026-05-05 04:10:33,825 [INFO]   Page 324: found 10 projects (total: 3240)
2026-05-05 04:10:35,950 [INFO]   Page 325: found 10 projects (total: 3250)
2026-05-05 04:10:38,117 [INFO]   Page 326: found 10 projects (total: 3260)
2026-05-05 04:10:40,264 [INFO]   Page 327: found 10 projects (total: 3270)
2026-05-05 04:10:42,385 [INFO]   Page 328: found 10 projects (total: 3280)
2026-05-05 04:10:44,538 [INFO]   Page 329: found 10 projects (total: 3290)
2026-05-05 04:10:46,673 [INFO]   Page 330: found 10 projects (total: 3300)
2026-05-05 04:10:48,835 [INFO]   Page 331: found 10 projects (total: 3310)
2026-05-05 04:10:50,993 [INFO]   Page 332: found 10 projects (total: 3320)
2026-05-05 04:10:53,142 [INFO]   Page 333: found 10 projects (total: 3330)
2026-05-05 04:10:55,316 [INFO]   Page 334: found 10 projects (total: 3340)
2026-05-05 04:10:57,473 [INFO]   Page 335: found 10 projects (total: 3350)
2026-05-05 04:10:59,653 [INFO]   Page 336: found 10 projects (total: 3360)
2026-05-05 04:11:01,825 [INFO]   Page 337: found 10 projects (total: 3370)
2026-05-05 04:11:04,014 [INFO]   Page 338: found 10 projects (total: 3380)
2026-05-05 04:11:06,163 [INFO]   Page 339: found 10 projects (total: 3390)
2026-05-05 04:11:08,317 [INFO]   Page 340: found 10 projects (total: 3400)
2026-05-05 04:11:10,447 [INFO]   Page 341: found 10 projects (total: 3410)
2026-05-05 04:11:12,637 [INFO]   Page 342: found 10 projects (total: 3420)
2026-05-05 04:11:14,802 [INFO]   Page 343: found 10 projects (total: 3430)
2026-05-05 04:11:16,981 [INFO]   Page 344: found 10 projects (total: 3440)
2026-05-05 04:11:19,111 [INFO]   Page 345: found 10 projects (total: 3450)
2026-05-05 04:11:21,267 [INFO]   Page 346: found 10 projects (total: 3460)
2026-05-05 04:11:23,420 [INFO]   Page 347: found 10 projects (total: 3470)
2026-05-05 04:11:25,554 [INFO]   Page 348: found 10 projects (total: 3480)
2026-05-05 04:11:27,701 [INFO]   Page 349: found 10 projects (total: 3490)
2026-05-05 04:11:29,931 [INFO]   Page 350: found 10 projects (total: 3500)
2026-05-05 04:11:32,085 [INFO]   Page 351: found 10 projects (total: 3510)
2026-05-05 04:11:34,246 [INFO]   Page 352: found 10 projects (total: 3520)
2026-05-05 04:11:36,395 [INFO]   Page 353: found 10 projects (total: 3530)
2026-05-05 04:11:38,557 [INFO]   Page 354: found 10 projects (total: 3540)
2026-05-05 04:11:40,715 [INFO]   Page 355: found 10 projects (total: 3550)
2026-05-05 04:11:42,908 [INFO]   Page 356: found 10 projects (total: 3560)
2026-05-05 04:11:45,051 [INFO]   Page 357: found 10 projects (total: 3570)
2026-05-05 04:11:47,212 [INFO]   Page 358: found 10 projects (total: 3580)
2026-05-05 04:11:49,357 [INFO]   Page 359: found 10 projects (total: 3590)
2026-05-05 04:11:51,469 [INFO]   Page 360: found 10 projects (total: 3600)
2026-05-05 04:11:53,601 [INFO]   Page 361: found 10 projects (total: 3610)
2026-05-05 04:11:55,752 [INFO]   Page 362: found 10 projects (total: 3620)
2026-05-05 04:11:57,901 [INFO]   Page 363: found 10 projects (total: 3630)
2026-05-05 04:12:00,117 [INFO]   Page 364: found 10 projects (total: 3640)
2026-05-05 04:12:02,296 [INFO]   Page 365: found 10 projects (total: 3650)
2026-05-05 04:12:04,476 [INFO]   Page 366: found 10 projects (total: 3660)
2026-05-05 04:12:06,583 [INFO]   Page 367: found 10 projects (total: 3670)
2026-05-05 04:12:08,711 [INFO]   Page 368: found 10 projects (total: 3680)
2026-05-05 04:12:10,847 [INFO]   Page 369: found 10 projects (total: 3690)
2026-05-05 04:12:13,047 [INFO]   Page 370: found 10 projects (total: 3700)
2026-05-05 04:12:15,189 [INFO]   Page 371: found 10 projects (total: 3710)
2026-05-05 04:12:17,336 [INFO]   Page 372: found 10 projects (total: 3720)
2026-05-05 04:12:19,478 [INFO]   Page 373: found 10 projects (total: 3730)
2026-05-05 04:12:21,632 [INFO]   Page 374: found 10 projects (total: 3740)
2026-05-05 04:12:23,753 [INFO]   Page 375: found 10 projects (total: 3750)
2026-05-05 04:12:25,886 [INFO]   Page 376: found 10 projects (total: 3760)
2026-05-05 04:12:28,036 [INFO]   Page 377: found 10 projects (total: 3770)
2026-05-05 04:12:30,185 [INFO]   Page 378: found 10 projects (total: 3780)
2026-05-05 04:12:32,328 [INFO]   Page 379: found 10 projects (total: 3790)
2026-05-05 04:12:34,469 [INFO]   Page 380: found 10 projects (total: 3800)
2026-05-05 04:12:36,615 [INFO]   Page 381: found 10 projects (total: 3810)
2026-05-05 04:12:38,772 [INFO]   Page 382: found 10 projects (total: 3820)
2026-05-05 04:12:40,921 [INFO]   Page 383: found 10 projects (total: 3830)
2026-05-05 04:12:43,073 [INFO]   Page 384: found 10 projects (total: 3840)
2026-05-05 04:12:45,233 [INFO]   Page 385: found 10 projects (total: 3850)
2026-05-05 04:12:47,376 [INFO]   Page 386: found 10 projects (total: 3860)
2026-05-05 04:12:49,520 [INFO]   Page 387: found 10 projects (total: 3870)
2026-05-05 04:12:51,666 [INFO]   Page 388: found 10 projects (total: 3880)
2026-05-05 04:12:53,803 [INFO]   Page 389: found 10 projects (total: 3890)
2026-05-05 04:12:55,967 [INFO]   Page 390: found 10 projects (total: 3900)
2026-05-05 04:12:58,117 [INFO]   Page 391: found 10 projects (total: 3910)
2026-05-05 04:13:00,264 [INFO]   Page 392: found 10 projects (total: 3920)
2026-05-05 04:13:02,446 [INFO]   Page 393: found 10 projects (total: 3930)
2026-05-05 04:13:04,596 [INFO]   Page 394: found 10 projects (total: 3940)
2026-05-05 04:13:06,780 [INFO]   Page 395: found 10 projects (total: 3950)
2026-05-05 04:13:08,921 [INFO]   Page 396: found 10 projects (total: 3960)
2026-05-05 04:13:11,062 [INFO]   Page 397: found 10 projects (total: 3970)
2026-05-05 04:13:13,223 [INFO]   Page 398: found 10 projects (total: 3980)
2026-05-05 04:13:15,370 [INFO]   Page 399: found 10 projects (total: 3990)
2026-05-05 04:13:17,498 [INFO]   Page 400: found 10 projects (total: 4000)
2026-05-05 04:13:19,645 [INFO]   Page 401: found 10 projects (total: 4010)
2026-05-05 04:13:21,792 [INFO]   Page 402: found 10 projects (total: 4020)
2026-05-05 04:13:23,929 [INFO]   Page 403: found 10 projects (total: 4030)
2026-05-05 04:13:26,078 [INFO]   Page 404: found 10 projects (total: 4040)
2026-05-05 04:13:28,270 [INFO]   Page 405: found 10 projects (total: 4050)
2026-05-05 04:13:30,431 [INFO]   Page 406: found 10 projects (total: 4060)
2026-05-05 04:13:32,573 [INFO]   Page 407: found 10 projects (total: 4070)
2026-05-05 04:13:34,719 [INFO]   Page 408: found 10 projects (total: 4080)
2026-05-05 04:13:36,870 [INFO]   Page 409: found 10 projects (total: 4090)
2026-05-05 04:13:39,007 [INFO]   Page 410: found 10 projects (total: 4100)
2026-05-05 04:13:41,153 [INFO]   Page 411: found 10 projects (total: 4110)
2026-05-05 04:13:43,292 [INFO]   Page 412: found 10 projects (total: 4120)
2026-05-05 04:13:45,424 [INFO]   Page 413: found 10 projects (total: 4130)
2026-05-05 04:13:47,545 [INFO]   Page 414: found 10 projects (total: 4140)
2026-05-05 04:13:49,698 [INFO]   Page 415: found 10 projects (total: 4150)
2026-05-05 04:13:51,834 [INFO]   Page 416: found 10 projects (total: 4160)
2026-05-05 04:13:53,977 [INFO]   Page 417: found 10 projects (total: 4170)
2026-05-05 04:13:56,132 [INFO]   Page 418: found 10 projects (total: 4180)
2026-05-05 04:13:58,286 [INFO]   Page 419: found 10 projects (total: 4190)
2026-05-05 04:14:00,469 [INFO]   Page 420: found 10 projects (total: 4200)
2026-05-05 04:14:02,607 [INFO]   Page 421: found 10 projects (total: 4210)
2026-05-05 04:14:04,773 [INFO]   Page 422: found 10 projects (total: 4220)
2026-05-05 04:14:06,916 [INFO]   Page 423: found 10 projects (total: 4230)
2026-05-05 04:14:09,066 [INFO]   Page 424: found 10 projects (total: 4240)
2026-05-05 04:14:11,218 [INFO]   Page 425: found 10 projects (total: 4250)
2026-05-05 04:14:13,292 [INFO]   Page 426: found 1 projects (total: 4251)
2026-05-05 04:14:13,304 [INFO] No more pages — procode collection complete.
2026-05-05 04:14:13,305 [INFO] Total procodes collected: 4251
2026-05-05 04:14:13,312 [INFO] Saved 4251 procodes to data\procodes.json
2026-05-05 04:14:13,314 [INFO] 4251 projects to process (0 already done).
2026-05-05 04:14:23,599 [WARNING]   Download error for WBRERA/P/BIR/2025/003474 attempt 1: HTTPSConnectionPool(host='rera.wb.gov.in', port=443): Max retries exceeded with url: /img%5Cpdf%5CWest-Bengal-Real-Estate-Rules.pdf (Caused by SSLError(SSLError(1, '[SSL: UNSAFE_LEGACY_RENEGOTIATION_DISABLED] unsafe legacy renegotiation disabled (_ssl.c:1081)')))
2026-05-05 04:14:28,827 [WARNING]   Download error for WBRERA/P/BIR/2025/003474 attempt 2: HTTPSConnectionPool(host='rera.wb.gov.in', port=443): Max retries exceeded with url: /img%5Cpdf%5CWest-Bengal-Real-Estate-Rules.pdf (Caused by SSLError(SSLError(1, '[SSL: UNSAFE_LEGACY_RENEGOTIATION_DISABLED] unsafe legacy renegotiation disabled (_ssl.c:1081)')))
2026-05-05 04:14:39,022 [WARNING]   Download error for WBRERA/P/BIR/2025/003474 attempt 3: HTTPSConnectionPool(host='rera.wb.gov.in', port=443): Max retries exceeded with url: /img%5Cpdf%5CWest-Bengal-Real-Estate-Rules.pdf (Caused by SSLError(SSLError(1, '[SSL: UNSAFE_LEGACY_RENEGOTIATION_DISABLED] unsafe legacy renegotiation disabled (_ssl.c:1081)')))
2026-05-05 04:14:39,023 [WARNING] FAILED (download): WBRERA/P/BIR/2025/003474
2026-05-05 04:14:47,558 [WARNING]   Download error for WBRERA/P/KOL/2026/004189 attempt 1: HTTPSConnectionPool(host='rera.wb.gov.in', port=443): Max retries exceeded with url: /img%5Cpdf%5CWest-Bengal-Real-Estate-Rules.pdf (Caused by SSLError(SSLError(1, '[SSL: UNSAFE_LEGACY_RENEGOTIATION_DISABLED] unsafe legacy renegotiation disabled (_ssl.c:1081)')))
2026-05-05 04:14:52,752 [WARNING]   Download error for WBRERA/P/KOL/2026/004189 attempt 2: HTTPSConnectionPool(host='rera.wb.gov.in', port=443): Max retries exceeded with url: /img%5Cpdf%5CWest-Bengal-Real-Estate-Rules.pdf (Caused by SSLError(SSLError(1, '[SSL: UNSAFE_LEGACY_RENEGOTIATION_DISABLED] unsafe legacy renegotiation disabled (_ssl.c:1081)')))
2026-05-05 04:15:03,102 [WARNING]   Download error for WBRERA/P/KOL/2026/004189 attempt 3: HTTPSConnectionPool(host='rera.wb.gov.in', port=443): Max retries exceeded with url: /img%5Cpdf%5CWest-Bengal-Real-Estate-Rules.pdf (Caused by SSLError(SSLError(1, '[SSL: UNSAFE_LEGACY_RENEGOTIATION_DISABLED] unsafe legacy renegotiation disabled (_ssl.c:1081)')))
2026-05-05 04:15:03,103 [WARNING] FAILED (download): WBRERA/P/KOL/2026/004189
2026-05-05 04:15:10,066 [WARNING]   Download error for WBRERA/P/KOL/2024/000935 attempt 1: HTTPSConnectionPool(host='rera.wb.gov.in', port=443): Max retries exceeded with url: /img%5Cpdf%5CWest-Bengal-Real-Estate-Rules.pdf (Caused by SSLError(SSLError(1, '[SSL: UNSAFE_LEGACY_RENEGOTIATION_DISABLED] unsafe legacy renegotiation disabled (_ssl.c:1081)')))
2026-05-05 04:15:15,356 [WARNING]   Download error for WBRERA/P/KOL/2024/000935 attempt 2: HTTPSConnectionPool(host='rera.wb.gov.in', port=443): Max retries exceeded with url: /img%5Cpdf%5CWest-Bengal-Real-Estate-Rules.pdf (Caused by SSLError(SSLError(1, '[SSL: UNSAFE_LEGACY_RENEGOTIATION_DISABLED] unsafe legacy renegotiation disabled (_ssl.c:1081)')))
2026-05-05 04:15:25,724 [WARNING]   Download error for WBRERA/P/KOL/2024/000935 attempt 3: HTTPSConnectionPool(host='rera.wb.gov.in', port=443): Max retries exceeded with url: /img%5Cpdf%5CWest-Bengal-Real-Estate-Rules.pdf (Caused by SSLError(SSLError(1, '[SSL: UNSAFE_LEGACY_RENEGOTIATION_DISABLED] unsafe legacy renegotiation disabled (_ssl.c:1081)')))
2026-05-05 04:15:25,725 [WARNING] FAILED (download): WBRERA/P/KOL/2024/000935
2026-05-05 04:15:32,681 [WARNING]   Download error for WBRERA/P/KOL/2024/001312 attempt 1: HTTPSConnectionPool(host='rera.wb.gov.in', port=443): Max retries exceeded with url: /img%5Cpdf%5CWest-Bengal-Real-Estate-Rules.pdf (Caused by SSLError(SSLError(1, '[SSL: UNSAFE_LEGACY_RENEGOTIATION_DISABLED] unsafe legacy renegotiation disabled (_ssl.c:1081)')))
2026-05-05 04:15:37,965 [WARNING]   Download error for WBRERA/P/KOL/2024/001312 attempt 2: HTTPSConnectionPool(host='rera.wb.gov.in', port=443): Max retries exceeded with url: /img%5Cpdf%5CWest-Bengal-Real-Estate-Rules.pdf (Caused by SSLError(SSLError(1, '[SSL: UNSAFE_LEGACY_RENEGOTIATION_DISABLED] unsafe legacy renegotiation disabled (_ssl.c:1081)')))
2026-05-05 04:15:48,163 [WARNING]   Download error for WBRERA/P/KOL/2024/001312 attempt 3: HTTPSConnectionPool(host='rera.wb.gov.in', port=443): Max retries exceeded with url: /img%5Cpdf%5CWest-Bengal-Real-Estate-Rules.pdf (Caused by SSLError(SSLError(1, '[SSL: UNSAFE_LEGACY_RENEGOTIATION_DISABLED] unsafe legacy renegotiation disabled (_ssl.c:1081)')))
2026-05-05 04:15:48,163 [WARNING] FAILED (download): WBRERA/P/KOL/2024/001312
